Using pre-set license
Built from '2020.3/release' branch; Version is '2020.3.1f1 (77a89f25062f) revision 7841951'; Using compiler version '192528614'; Build Type 'Release'
OS: 'Windows 10 Pro; OS build 19043.1415; Version 2009; 64bit' Language: 'ru' Physical Memory: 3996 MB
BatchMode: 1, IsHumanControllingUs: 0, StartBugReporterOnCrash: 0, Is64bit: 1, IsPro: 0

 COMMAND LINE ARGUMENTS:
C:\UnityEditors\2020.3.1f1\Editor\Unity.exe
-adb2
-batchMode
-noUpm
-name
AssetImportWorker0
-projectPath
C:/Projects/EcsLiteShooter/EcsLiteShooter
-logFile
Logs/AssetImportWorker0.log
-srvPort
57047
Successfully changed project path to: C:/Projects/EcsLiteShooter/EcsLiteShooter
C:/Projects/EcsLiteShooter/EcsLiteShooter
Using Asset Import Pipeline V2.
Refreshing native plugins compatible for Editor in 26.03 ms, found 0 plugins.
Preloading 0 native plugins for Editor in 0.00 ms.
Initialize engine version: 2020.3.1f1 (77a89f25062f)
[Subsystems] Discovering subsystems at path C:/UnityEditors/2020.3.1f1/Editor/Data/Resources/UnitySubsystems
[Subsystems] Discovering subsystems at path C:/Projects/EcsLiteShooter/EcsLiteShooter/Assets
GfxDevice: creating device client; threaded=0
Direct3D:
    Version:  Direct3D 11.0 [level 11.1]
    Renderer: Radeon (TM) 530 (ID=0x6900)
    Vendor:   
    VRAM:     2038 MB
    Driver:   27.20.20904.4000
Initialize mono
Mono path[0] = 'C:/UnityEditors/2020.3.1f1/Editor/Data/Managed'
Mono path[1] = 'C:/UnityEditors/2020.3.1f1/Editor/Data/MonoBleedingEdge/lib/mono/unityjit'
Mono config path = 'C:/UnityEditors/2020.3.1f1/Editor/Data/MonoBleedingEdge/etc'
Using monoOptions --debugger-agent=transport=dt_socket,embedding=1,server=y,suspend=n,address=127.0.0.1:56816
Begin MonoManager ReloadAssembly
Registering precompiled unity dll's ...
Register platform support module: C:/UnityEditors/2020.3.1f1/Editor/Data/PlaybackEngines/WebGLSupport/UnityEditor.WebGL.Extensions.dll
Register platform support module: C:/UnityEditors/2020.3.1f1/Editor/Data/PlaybackEngines/WindowsStandaloneSupport/UnityEditor.WindowsStandalone.Extensions.dll
Registered in 0.011700 seconds.
Native extension for WindowsStandalone target not found
Native extension for WebGL target not found
Refreshing native plugins compatible for Editor in 25.80 ms, found 0 plugins.
Preloading 0 native plugins for Editor in 0.00 ms.
Invoked RoslynAnalysisRunner static constructor.
RoslynAnalysisRunner will not be running.
RoslynAnalysisRunner has terminated.
Mono: successfully reloaded assembly
- Completed reload, in  4.581 seconds
Platform modules already initialized, skipping
Registering precompiled user dll's ...
Registered in 0.001894 seconds.
Begin MonoManager ReloadAssembly
Native extension for WindowsStandalone target not found
Native extension for WebGL target not found
Refreshing native plugins compatible for Editor in 0.21 ms, found 0 plugins.
Preloading 0 native plugins for Editor in 0.00 ms.
Invoked RoslynAnalysisRunner static constructor.
RoslynAnalysisRunner will not be running.
RoslynAnalysisRunner has terminated.
Mono: successfully reloaded assembly
- Completed reload, in  0.962 seconds
Platform modules already initialized, skipping
========================================================================
Worker process is ready to serve import requests
Launched and connected shader compiler UnityShaderCompiler.exe after 0.05 seconds
Refreshing native plugins compatible for Editor in 0.24 ms, found 0 plugins.
Preloading 0 native plugins for Editor in 0.00 ms.
Unloading 1118 Unused Serialized files (Serialized files now loaded: 0)
System memory in use before: 57.0 MB.
System memory in use after: 57.1 MB.

Unloading 10 unused Assets to reduce memory usage. Loaded Objects now: 1560.
Total: 5.274200 ms (FindLiveObjects: 0.338700 ms CreateObjectMapping: 0.137600 ms MarkObjects: 4.563900 ms  DeleteObjects: 0.231300 ms)

========================================================================
Received Import Request.
  path: Packages/com.leopotam.ecslite/Leopotam.EcsLite.asmdef
  artifactKey: Guid(e59bf9fc7d5a44b18a819a92edd46163) Importer(815301076,1909f56bfc062723c751e8b465ee728b)
Start importing Packages/com.leopotam.ecslite/Leopotam.EcsLite.asmdef using Guid(e59bf9fc7d5a44b18a819a92edd46163) Importer(815301076,1909f56bfc062723c751e8b465ee728b)  -> (artifact id: '0fb65b62966bc8de7338555f3fc37a25') in 0.066849 seconds
  Import took 0.071129 seconds .

========================================================================
Received Import Request.
  Time since last request: 0.000291 seconds.
  path: Packages/com.leopotam.ecslite/package.json
  artifactKey: Guid(911105c007df4622bd82dc6c57e4b0b8) Importer(815301076,1909f56bfc062723c751e8b465ee728b)
Start importing Packages/com.leopotam.ecslite/package.json using Guid(911105c007df4622bd82dc6c57e4b0b8) Importer(815301076,1909f56bfc062723c751e8b465ee728b)  -> (artifact id: '7b54eba21ffbe6d8263f6a204b54e1e3') in 0.023968 seconds
  Import took 0.026275 seconds .

AssetImportWorkerClient::OnTransportError - code=2 error=End of file
